<?xml version="1.0" encoding="UTF-8"?>
<!-- Generated by org.testng.reporters.JUnitXMLReporter -->
<testsuite hostname="FAI-BLR03L1099" ignored="0" name="Test" tests="5" failures="0" timestamp="01 May 2019 07:30:39 GMT" time="191.615" errors="0">
  <testcase name="searchForFlights_Test" time="10.886" classname="com.qa.tests.SearchPageTest"/>
  <testcase name="verifyFlightPrice_Test" time="26.534" classname="com.qa.tests.ResultPageTest"/>
  <testcase name="printTotalNumberOfNonStopFlights_Test" time="21.628" classname="com.qa.tests.ResultPageTest"/>
  <testcase name="printTotalNumberOfOneStopFlights_Test" time="21.25" classname="com.qa.tests.ResultPageTest"/>
  <testcase name="printTotalNumberOfFlights_Test" time="19.39" classname="com.qa.tests.ResultPageTest"/>
</testsuite> <!-- Test -->
