<?xml version="1.0" encoding="UTF-8"?>
<!-- Generated by org.testng.reporters.JUnitXMLReporter -->
<testsuite hostname="FAI-BLR03L1099" ignored="0" name="ResultPageTest" tests="4" failures="0" timestamp="01 May 2019 07:18:29 GMT" time="139.106" errors="0">
  <testcase name="verifyFlightPrice_Test" time="24.787" classname="com.qa.tests.ResultPageTest"/>
  <testcase name="printTotalNumberOfNonStopFlights_Test" time="20.199" classname="com.qa.tests.ResultPageTest"/>
  <testcase name="printTotalNumberOfOneStopFlights_Test" time="19.751" classname="com.qa.tests.ResultPageTest"/>
  <testcase name="printTotalNumberOfFlights_Test" time="19.768" classname="com.qa.tests.ResultPageTest"/>
</testsuite> <!-- ResultPageTest -->
